<?xml version="1.0" encoding="UTF-8"?>
<!-- Generated by org.testng.reporters.JUnitReportReporter -->
<testsuite skipped="0" hostname="LAPTOP-DK5C4MGK" name="testcases.TC003_CL" tests="1" failures="0" timestamp="09 Jun 2018 08:26:54 GMT" time="48.977" errors="0">
  <testcase name="crate" time="48.977" classname="testcases.TC003_CL"/>
</testsuite> <!-- testcases.TC003_CL -->
