<?xml version="1.0" encoding="UTF-8"?>
<!-- Generated by org.testng.reporters.JUnitReportReporter -->
<testsuite skipped="0" hostname="LAPTOP-DK5C4MGK" name="testcases.TC001_LoginAndLogout" tests="2" failures="0" timestamp="03 Jun 2018 06:20:37 GMT" time="23.414" errors="0">
  <testcase name="loginAndLogout" time="10.729" classname="testcases.TC001_LoginAndLogout"/>
  <testcase name="loginAndLogout" time="12.685" classname="testcases.TC001_LoginAndLogout"/>
</testsuite> <!-- testcases.TC001_LoginAndLogout -->
