<?xml version="1.0" encoding="UTF-8"?>
<!-- Generated by org.testng.reporters.JUnitReportReporter -->
<testsuite skipped="0" hostname="LAPTOP-DK5C4MGK" name="testcases.TC002_LoginForFailure" tests="4" failures="0" timestamp="03 Jun 2018 06:19:27 GMT" time="45.436" errors="0">
  <testcase name="loginAndLogout" time="12.218" classname="testcases.TC002_LoginForFailure"/>
  <testcase name="loginAndLogout" time="12.729" classname="testcases.TC002_LoginForFailure"/>
  <testcase name="loginAndLogout" time="10.155" classname="testcases.TC002_LoginForFailure"/>
  <testcase name="loginAndLogout" time="10.334" classname="testcases.TC002_LoginForFailure"/>
</testsuite> <!-- testcases.TC002_LoginForFailure -->
